<?xml version="1.0" encoding="UTF-8"?>
<!-- Generated by org.testng.reporters.JUnitXMLReporter -->
<testsuite ignored="0" hostname="DESKTOP-T6230QL" failures="0" tests="3" name="Surefire test" time="37.767" errors="0" timestamp="2024-01-28T19:21:04 IST">
  <testcase classname="RegisterForm.DesktopEle3" name="CheckTitle" time="2.36"/>
  <testcase classname="RegisterForm.DesktopEle3" name="Checkdetails" time="9.926"/>
  <testcase classname="RegisterForm.DesktopEle3" name="Email" time="11.845"/>
</testsuite> <!-- Surefire test -->
