<?xml version="1.0" encoding="UTF-8"?>
<!-- Generated by org.testng.reporters.JUnitXMLReporter -->
<testsuite ignored="0" hostname="DESKTOP-T6230QL" failures="0" tests="3" name="Default test" time="23.752" errors="0" timestamp="2024-01-28T19:09:33 IST">
  <testcase classname="RegisterForm.DesktopEle3" name="CheckTitle" time="1.73"/>
  <testcase classname="RegisterForm.DesktopEle3" name="Checkdetails" time="7.987"/>
  <testcase classname="RegisterForm.DesktopEle3" name="Email" time="8.642"/>
</testsuite> <!-- Default test -->
