<?xml version="1.0" encoding="UTF-8"?>
<!-- Generated by org.testng.reporters.JUnitXMLReporter -->
<testsuite ignored="2" hostname="DESKTOP-T6230QL" failures="0" tests="1" name="Test" time="1.859" errors="0" timestamp="2024-01-28T02:05:01 IST">
  <testcase classname="RegisterForm.DesktopEle3" name="@BeforeTest setup" time="1.674">
    <failure type="java.lang.NullPointerException" message="Cannot invoke &amp;quot;com.relevantcodes.extentreports.ExtentTest.log(com.relevantcodes.extentreports.LogStatus, String)&amp;quot; because &amp;quot;this.test&amp;quot; is null">
      <![CDATA[java.lang.NullPointerException: Cannot invoke "com.relevantcodes.extentreports.ExtentTest.log(com.relevantcodes.extentreports.LogStatus, String)" because "this.test" is null
at RegisterForm.DesktopEle3.setup(DesktopEle3.java:54)
... Removed 24 stack frames]]>
    </failure>
  </testcase> <!-- @BeforeTest setup -->
  <testcase classname="RegisterForm.DesktopEle3" name="Checkdetails" time="0.001">
    <skipped/>
  </testcase> <!-- Checkdetails -->
  <testcase classname="RegisterForm.DesktopEle3" name="Email" time="0.0">
    <ignored/>
  </testcase> <!-- Email -->
  <testcase classname="RegisterForm.DesktopEle3" name="CheckTitle" time="0.0">
    <ignored/>
  </testcase> <!-- CheckTitle -->
</testsuite> <!-- Test -->
